<?xml version="1.0" encoding="UTF-8"?>
<testsuite name="agh.ics.oop.OptionsParserTest" tests="1" skipped="0" failures="0" errors="0" timestamp="2022-11-24T08:01:33" hostname="DESKTOP-BL92SLF" time="0.088">
  <properties/>
  <testcase name="defaultTest()" classname="agh.ics.oop.OptionsParserTest" time="0.088"/>
  <system-out><![CDATA[]]></system-out>
  <system-err><![CDATA[]]></system-err>
</testsuite>
