<?xml version="1.0" encoding="UTF-8"?>
<testsuite name="agh.ics.oop.SimulationEngineTest" tests="1" skipped="0" failures="0" errors="0" timestamp="2022-11-02T23:50:12" hostname="DESKTOP-BL92SLF" time="0.087">
  <properties/>
  <testcase name="simulationEngineTest()" classname="agh.ics.oop.SimulationEngineTest" time="0.087"/>
  <system-out><![CDATA[]]></system-out>
  <system-err><![CDATA[]]></system-err>
</testsuite>
