<?xml version="1.0" encoding="UTF-8"?>
<testsuite name="agh.ics.oop.RectangularMapTest" tests="1" skipped="0" failures="0" errors="0" timestamp="2022-11-10T07:35:03" hostname="DESKTOP-BL92SLF" time="0.041">
  <properties/>
  <testcase name="RecTest()" classname="agh.ics.oop.RectangularMapTest" time="0.041"/>
  <system-out><![CDATA[]]></system-out>
  <system-err><![CDATA[]]></system-err>
</testsuite>
